

 SAP2000 v14.0.0 Advanced (Analysis Build 8802/32)
 File: E:\AppsBaranado\AppsEstructuras\SAP2000v14\Beam3D_001.LOG




 B E G I N   A N A L Y S I S                                2021/11/03  18:53:03


 RUNNING ANALYSIS WITHIN THE GUI PROCESS
 USING THE ADVANCED SOLVER (PROVIDES LIMITED INSTABILITY INFORMATION)


 E L E M E N T   F O R M A T I O N                                      18:53:03



 L I N E A R   E Q U A T I O N   S O L U T I O N                        18:53:03

 FORMING STIFFNESS AT ZERO (UNSTRESSED) INITIAL CONDITIONS

 TOTAL NUMBER OF EQUILIBRIUM EQUATIONS     =          11
 NUMBER OF NON-ZERO STIFFNESS TERMS        =          66

 NUMBER OF EIGENVALUES BELOW SHIFT         =           0


 L I N E A R   S T A T I C   C A S E S                                  18:53:03

 USING STIFFNESS AT ZERO (UNSTRESSED) INITIAL CONDITIONS

 TOTAL NUMBER OF CASES TO SOLVE            =           1
 NUMBER OF CASES TO SOLVE PER BLOCK        =           1

 LINEAR STATIC CASES TO BE SOLVED:

 CASE: DEAD


 E I G E N   M O D A L   A N A L Y S I S                                18:53:03

 CASE: MODAL

 USING STIFFNESS AT ZERO (UNSTRESSED) INITIAL CONDITIONS

 NUMBER OF STIFFNESS DEGREES OF FREEDOM    =          11
 NUMBER OF MASS DEGREES OF FREEDOM         =           5
 MAXIMUM NUMBER OF EIGEN MODES SOUGHT      =          12
 MINIMUM NUMBER OF EIGEN MODES SOUGHT      =           1
 NUMBER OF RESIDUAL-MASS MODES SOUGHT      =           0
 NUMBER OF SUBSPACE VECTORS USED           =           5
 RELATIVE CONVERGENCE TOLERANCE            =    1.00E-09

 FREQUENCY SHIFT  (CENTER) (CYC/TIME)      =     .000000
 FREQUENCY CUTOFF (RADIUS) (CYC/TIME)      =  -INFINITY-
 ALLOW AUTOMATIC FREQUENCY SHIFTING        =         YES

 * * * W A R N I N G * * *
 NUMBER OF MODES SOUGHT REDUCED TO THE NUMBER OF MASS DEGREES OF FREEDOM



 Original stiffness at shift : EV= 0.0000000E+00, f=     .000000, T=  -INFINITY-
 Number of eigenvalues below shift =      0

 Found mode      1 of      5:  EV= 2.5690810E+02, f=    2.550992, T=    0.392004
 Found mode      2 of      5:  EV= 1.2326313E+03, f=    5.587747, T=    0.178963
 Found mode      3 of      5:  EV= 1.7962562E+03, f=    6.745347, T=    0.148250
 Found mode      4 of      5:  EV= 5.8032298E+05, f=  121.242537, T=    0.008248
 Found mode      5 of      5:  EV= 2.3180703E+06, f=  242.316751, T=    0.004127

 NUMBER OF EIGEN MODES FOUND               =           5
 NUMBER OF ITERATIONS PERFORMED            =           1
 NUMBER OF STIFFNESS SHIFTS                =           0


 A N A L Y S I S   C O M P L E T E                          2021/11/03  18:53:03
